<?xml version="1.0" encoding="UTF-8"?>
<!-- Generated by org.testng.reporters.JUnitXMLReporter -->
<testsuite ignored="0" hostname="GHOST" failures="1" tests="1" name="LoginTest1" time="0.639" errors="0" timestamp="2022-11-03T15:32:37 IST">
  <testcase classname="io.cucumber.testng.AbstractTestNGCucumberTests" name="runScenario" time="0.194">
    <failure type="java.lang.NullPointerException" message="Cannot invoke &amp;quot;org.openqa.selenium.WebDriver.close()&amp;quot; because &amp;quot;this.driver&amp;quot; is null">
      <![CDATA[java.lang.NullPointerException: Cannot invoke "org.openqa.selenium.WebDriver.close()" because "this.driver" is null
at stepdefinitions.Login.closure(Login.java:63)
]]>
    </failure>
  </testcase> <!-- runScenario -->
</testsuite> <!-- LoginTest1 -->
