<?xml version="1.0" encoding="UTF-8"?>
<!-- Generated by org.testng.reporters.JUnitXMLReporter -->
<testsuite ignored="0" hostname="GHOST" failures="0" tests="5" name="Test" time="69.402" errors="0" timestamp="2022-11-01T17:56:54 IST">
  <testcase classname="test1.ThirdTest" name="Testthree" time="13.79"/>
  <testcase classname="test1.LoginTest1" name="openingBrowser" time="4.255"/>
  <testcase classname="test1.LoginTest1" name="openingBrowser" time="13.9"/>
  <testcase classname="test1.TwoTest" name="Testtwo" time="12.628"/>
  <testcase classname="test1.FourthTest" name="TestFour" time="7.873"/>
</testsuite> <!-- Test -->
