# JRE version: OpenJDK Runtime Environment Temurin-17.0.2+8 (17.0.2+8) (build 17.0.2+8)
# Java VM: OpenJDK 64-Bit Server VM Temurin-17.0.2+8 (17.0.2+8, mixed mode, tiered, compressed oops, compressed class ptrs, g1 gc, windows-amd64)
GC Precious Log:
 CPUs: 4 total, 4 available
 Memory: 3998M
 Large Page Support: Disabled
 NUMA Support: Disabled
 Compressed Oops: Enabled (32-bit)
 Heap Region Size: 1M
 Heap Min Capacity: 8M
 Heap Initial Capacity: 64M
 Heap Max Capacity: 1000M
 Pre-touch: Disabled
 Parallel Workers: 4
 Concurrent Workers: 1
 Concurrent Refinement Workers: 4
 Periodic GC: Disabled
Heap:
 garbage-first heap   total 61440K, used 28980K [0x00000000c1800000, 0x0000000100000000)
  region size 1024K, 20 young (20480K), 2 survivors (2048K)
 Metaspace       used 34386K, committed 34688K, reserved 1081344K
  class space    used 3940K, committed 4096K, reserved 1048576K
GC Heap History (16 events):
Event: 0.838 GC heap before
{Heap before GC invocations=0 (full 0):
 garbage-first heap   total 65536K, used 12288K [0x00000000c1800000, 0x0000000100000000)
  region size 1024K, 13 young (13312K), 0 survivors (0K)
 Metaspace       used 12342K, committed 12544K, reserved 1064960K
  class space    used 1189K, committed 1280K, reserved 1048576K
}
Event: 0.843 GC heap after
{Heap after GC invocations=1 (full 0):
 garbage-first heap   total 65536K, used 4890K [0x00000000c1800000, 0x0000000100000000)
  region size 1024K, 2 young (2048K), 2 survivors (2048K)
 Metaspace       used 12342K, committed 12544K, reserved 1064960K
  class space    used 1189K, committed 1280K, reserved 1048576K
}
Event: 1.276 GC heap before
{Heap before GC invocations=1 (full 0):
 garbage-first heap   total 65536K, used 15130K [0x00000000c1800000, 0x0000000100000000)
  region size 1024K, 12 young (12288K), 2 survivors (2048K)
 Metaspace       used 15390K, committed 15488K, reserved 1064960K
  class space    used 1506K, committed 1536K, reserved 1048576K
}
Event: 1.279 GC heap after
{Heap after GC invocations=2 (full 0):
 garbage-first heap   total 65536K, used 6046K [0x00000000c1800000, 0x0000000100000000)
  region size 1024K, 2 young (2048K), 2 survivors (2048K)
 Metaspace       used 15390K, committed 15488K, reserved 1064960K
  class space    used 1506K, committed 1536K, reserved 1048576K
}
Event: 1.901 GC heap before
{Heap before GC invocations=2 (full 0):
 garbage-first heap   total 65536K, used 23454K [0x00000000c1800000, 0x0000000100000000)
  region size 1024K, 20 young (20480K), 2 survivors (2048K)
 Metaspace       used 21295K, committed 21504K, reserved 1073152K
  class space    used 2226K, committed 2304K, reserved 1048576K
}
Event: 1.907 GC heap after
{Heap after GC invocations=3 (full 0):
 garbage-first heap   total 65536K, used 7556K [0x00000000c1800000, 0x0000000100000000)
  region size 1024K, 3 young (3072K), 3 survivors (3072K)
 Metaspace       used 21295K, committed 21504K, reserved 1073152K
  class space    used 2226K, committed 2304K, reserved 1048576K
}
Event: 2.244 GC heap before
{Heap before GC invocations=4 (full 0):
 garbage-first heap   total 30720K, used 20868K [0x00000000c1800000, 0x0000000100000000)
  region size 1024K, 18 young (18432K), 3 survivors (3072K)
 Metaspace       used 24345K, committed 24576K, reserved 1073152K
  class space    used 2658K, committed 2752K, reserved 1048576K
}
Event: 2.252 GC heap after
{Heap after GC invocations=5 (full 0):
 garbage-first heap   total 30720K, used 9061K [0x00000000c1800000, 0x0000000100000000)
  region size 1024K, 4 young (4096K), 4 survivors (4096K)
 Metaspace       used 24345K, committed 24576K, reserved 1073152K
  class space    used 2658K, committed 2752K, reserved 1048576K
}
Event: 2.283 GC heap before
{Heap before GC invocations=5 (full 0):
 garbage-first heap   total 30720K, used 10085K [0x00000000c1800000, 0x0000000100000000)
  region size 1024K, 5 young (5120K), 4 survivors (4096K)
 Metaspace       used 24421K, committed 24640K, reserved 1073152K
  class space    used 2667K, committed 2752K, reserved 1048576K
}
Event: 2.299 GC heap after
{Heap after GC invocations=6 (full 0):
 garbage-first heap   total 30720K, used 9421K [0x00000000c1800000, 0x0000000100000000)
  region size 1024K, 1 young (1024K), 1 survivors (1024K)
 Metaspace       used 24421K, committed 24640K, reserved 1073152K
  class space    used 2667K, committed 2752K, reserved 1048576K
}
Event: 2.540 GC heap before
{Heap before GC invocations=6 (full 0):
 garbage-first heap   total 30720K, used 19661K [0x00000000c1800000, 0x0000000100000000)
  region size 1024K, 11 young (11264K), 1 survivors (1024K)
 Metaspace       used 25497K, committed 25728K, reserved 1073152K
  class space    used 2763K, committed 2880K, reserved 1048576K
}
Event: 2.547 GC heap after
{Heap after GC invocations=7 (full 0):
 garbage-first heap   total 30720K, used 10732K [0x00000000c1800000, 0x0000000100000000)
  region size 1024K, 2 young (2048K), 2 survivors (2048K)
 Metaspace       used 25497K, committed 25728K, reserved 1073152K
  class space    used 2763K, committed 2880K, reserved 1048576K
}
Event: 2.837 GC heap before
{Heap before GC invocations=7 (full 0):
 garbage-first heap   total 30720K, used 19948K [0x00000000c1800000, 0x0000000100000000)
  region size 1024K, 12 young (12288K), 2 survivors (2048K)
 Metaspace       used 27225K, committed 27456K, reserved 1081344K
  class space    used 2986K, committed 3072K, reserved 1048576K
}
Event: 2.840 GC heap after
{Heap after GC invocations=8 (full 0):
 garbage-first heap   total 30720K, used 11392K [0x00000000c1800000, 0x0000000100000000)
  region size 1024K, 1 young (1024K), 1 survivors (1024K)
 Metaspace       used 27225K, committed 27456K, reserved 1081344K
  class space    used 2986K, committed 3072K, reserved 1048576K
}
Event: 3.360 GC heap before
{Heap before GC invocations=8 (full 0):
 garbage-first heap   total 30720K, used 20608K [0x00000000c1800000, 0x0000000100000000)
  region size 1024K, 11 young (11264K), 1 survivors (1024K)
 Metaspace       used 30952K, committed 31296K, reserved 1081344K
  class space    used 3441K, committed 3584K, reserved 1048576K
}
Event: 3.367 GC heap after
{Heap after GC invocations=9 (full 0):
 garbage-first heap   total 61440K, used 12596K [0x00000000c1800000, 0x0000000100000000)
  region size 1024K, 2 young (2048K), 2 survivors (2048K)
 Metaspace       used 30952K, committed 31296K, reserved 1081344K
  class space    used 3441K, committed 3584K, reserved 1048576K
}

